<?xml version="1.0" encoding="UTF-8"?>
<testsuite xmlns:xsi="http://www.w3.org/2001/XMLSchema-instance" xsi:noNamespaceSchemaLocation="https://maven.apache.org/surefire/maven-surefire-plugin/xsd/surefire-test-report-3.0.xsd" version="3.0" name="com.nexoscredibanco.NexosCrediBancoApplicationTests" time="0.502" tests="1" errors="1" skipped="0" failures="0">
  <properties>
[...]
</properties>
  <testcase name="" classname="com.nexoscredibanco.NexosCrediBancoApplicationTests" time="0.502">
    <error message="Receiver class org.junit.jupiter.engine.descriptor.ClassExtensionContext does not define or inherit an implementation of the resolved method &apos;abstract org.junit.jupiter.api.extension.ExecutableInvoker getExecutableInvoker()&apos; of interface org.junit.jupiter.api.extension.ExtensionContext." type="java.lang.AbstractMethodError"><![CDATA[java.lang.AbstractMethodError: Receiver class org.junit.jupiter.engine.descriptor.ClassExtensionContext does not define or inherit an implementation of the resolved method 'abstract org.junit.jupiter.api.extension.ExecutableInvoker getExecutableInvoker()' of interface org.junit.jupiter.api.extension.ExtensionContext.
	at org.springframework.test.context.junit.jupiter.SpringExtension.registerMethodInvoker(SpringExtension.java:381)
	at org.springframework.test.context.junit.jupiter.SpringExtension.beforeAll(SpringExtension.java:132)
	at java.base/java.util.ArrayList.forEach(ArrayList.java:1511)
	Suppressed: java.lang.AbstractMethodError: Receiver class org.junit.jupiter.engine.descriptor.ClassExtensionContext does not define or inherit an implementation of the resolved method 'abstract org.junit.jupiter.api.extension.ExecutableInvoker getExecutableInvoker()' of interface org.junit.jupiter.api.extension.ExtensionContext.
		at org.springframework.test.context.junit.jupiter.SpringExtension.registerMethodInvoker(SpringExtension.java:381)
		at org.springframework.test.context.junit.jupiter.SpringExtension.afterAll(SpringExtension.java:143)
		at java.base/java.util.ArrayList.forEach(ArrayList.java:1511)
		... 1 more
]]></error>
    <system-out><![CDATA[23:28:21.652 [main] INFO org.springframework.test.context.support.AnnotationConfigContextLoaderUtils -- Could not detect default configuration classes for test class [com.nexoscredibanco.NexosCrediBancoApplicationTests]: NexosCrediBancoApplicationTests does not declare any static, non-private, non-final, nested classes annotated with @Configuration.
23:28:21.802 [main] INFO org.springframework.boot.test.context.SpringBootTestContextBootstrapper -- Found @SpringBootConfiguration com.nexoscredibanco.NexosCrediBancoApplication for test class com.nexoscredibanco.NexosCrediBancoApplicationTests
]]></system-out>
  </testcase>
</testsuite>